mode: set
advertisement-rest-api-http-service/cmd/docs/docs.go:199.13,201.2 1 0
advertisement-rest-api-http-service/cmd/main.go:27.13,33.16 3 0
advertisement-rest-api-http-service/cmd/main.go:33.16,35.3 1 0
advertisement-rest-api-http-service/cmd/main.go:36.2,49.20 6 0
advertisement-rest-api-http-service/internal/handler/mocks/Handler.go:17.45,19.2 1 0
advertisement-rest-api-http-service/internal/handler/mocks/Handler.go:22.42,24.2 1 0
advertisement-rest-api-http-service/internal/handler/mocks/Handler.go:27.43,29.2 1 0
advertisement-rest-api-http-service/internal/handler/mocks/Handler.go:36.13,40.19 3 0
advertisement-rest-api-http-service/internal/handler/mocks/Handler.go:40.19,40.49 1 0
advertisement-rest-api-http-service/internal/handler/mocks/Handler.go:42.2,42.13 1 0
advertisement-rest-api-http-service/internal/repository/firebase/ad_repository.go:18.66,21.2 1 0
advertisement-rest-api-http-service/internal/repository/firebase/ad_repository.go:23.110,27.16 3 0
advertisement-rest-api-http-service/internal/repository/firebase/ad_repository.go:27.16,29.3 1 0
advertisement-rest-api-http-service/internal/repository/firebase/ad_repository.go:31.2,32.20 2 0
advertisement-rest-api-http-service/internal/repository/firebase/ad_repository.go:32.20,34.3 1 0
advertisement-rest-api-http-service/internal/repository/firebase/ad_repository.go:36.2,43.6 4 0
advertisement-rest-api-http-service/internal/repository/firebase/ad_repository.go:43.6,46.27 3 0
advertisement-rest-api-http-service/internal/repository/firebase/ad_repository.go:46.27,47.9 1 0
advertisement-rest-api-http-service/internal/repository/firebase/ad_repository.go:49.3,49.17 1 0
advertisement-rest-api-http-service/internal/repository/firebase/ad_repository.go:49.17,51.4 1 0
advertisement-rest-api-http-service/internal/repository/firebase/ad_repository.go:53.3,54.41 2 0
advertisement-rest-api-http-service/internal/repository/firebase/ad_repository.go:54.41,56.4 1 0
advertisement-rest-api-http-service/internal/repository/firebase/ad_repository.go:58.3,58.25 1 0
advertisement-rest-api-http-service/internal/repository/firebase/ad_repository.go:60.2,62.17 2 0
advertisement-rest-api-http-service/internal/repository/firebase/ad_repository.go:65.98,68.16 2 0
advertisement-rest-api-http-service/internal/repository/firebase/ad_repository.go:68.16,70.3 1 0
advertisement-rest-api-http-service/internal/repository/firebase/ad_repository.go:72.2,75.16 3 0
advertisement-rest-api-http-service/internal/repository/firebase/ad_repository.go:75.16,77.3 1 0
advertisement-rest-api-http-service/internal/repository/firebase/ad_repository.go:79.2,79.13 1 0
advertisement-rest-api-http-service/internal/repository/firebase/ad_repository.go:79.13,81.3 1 0
advertisement-rest-api-http-service/internal/repository/firebase/ad_repository.go:83.2,83.17 1 0
advertisement-rest-api-http-service/internal/repository/firebase/ad_repository.go:86.84,89.16 2 0
advertisement-rest-api-http-service/internal/repository/firebase/ad_repository.go:89.16,91.3 1 0
advertisement-rest-api-http-service/internal/repository/firebase/ad_repository.go:93.2,93.20 1 0
advertisement-rest-api-http-service/internal/router/router.go:29.32,36.2 1 0
advertisement-rest-api-http-service/internal/router/router.go:38.38,44.12 4 0
advertisement-rest-api-http-service/internal/router/router.go:44.12,45.82 1 0
advertisement-rest-api-http-service/internal/router/router.go:45.82,47.4 1 0
advertisement-rest-api-http-service/internal/router/router.go:50.2,57.47 5 0
advertisement-rest-api-http-service/internal/router/router.go:57.47,59.3 1 0
advertisement-rest-api-http-service/internal/router/router.go:61.2,61.42 1 0
advertisement-rest-api-http-service/internal/router/router.go:64.32,66.2 1 0
advertisement-rest-api-http-service/internal/router/router.go:68.61,73.2 4 0
advertisement-rest-api-http-service/internal/router/router.go:73.2,77.3 3 0
advertisement-rest-api-http-service/internal/router/router.go:78.2,78.77 1 0
advertisement-rest-api-http-service/internal/repository/mocks/AdRepository.go:18.85,21.19 2 0
advertisement-rest-api-http-service/internal/repository/mocks/AdRepository.go:21.19,22.50 1 0
advertisement-rest-api-http-service/internal/repository/mocks/AdRepository.go:25.2,27.81 3 0
advertisement-rest-api-http-service/internal/repository/mocks/AdRepository.go:27.81,29.3 1 0
advertisement-rest-api-http-service/internal/repository/mocks/AdRepository.go:30.2,30.72 1 0
advertisement-rest-api-http-service/internal/repository/mocks/AdRepository.go:30.72,32.3 1 0
advertisement-rest-api-http-service/internal/repository/mocks/AdRepository.go:32.8,34.3 1 0
advertisement-rest-api-http-service/internal/repository/mocks/AdRepository.go:36.2,36.71 1 0
advertisement-rest-api-http-service/internal/repository/mocks/AdRepository.go:36.71,38.3 1 0
advertisement-rest-api-http-service/internal/repository/mocks/AdRepository.go:38.8,40.3 1 0
advertisement-rest-api-http-service/internal/repository/mocks/AdRepository.go:42.2,42.15 1 0
advertisement-rest-api-http-service/internal/repository/mocks/AdRepository.go:46.99,49.19 2 0
advertisement-rest-api-http-service/internal/repository/mocks/AdRepository.go:49.19,50.51 1 0
advertisement-rest-api-http-service/internal/repository/mocks/AdRepository.go:53.2,55.87 3 0
advertisement-rest-api-http-service/internal/repository/mocks/AdRepository.go:55.87,57.3 1 0
advertisement-rest-api-http-service/internal/repository/mocks/AdRepository.go:58.2,58.78 1 0
advertisement-rest-api-http-service/internal/repository/mocks/AdRepository.go:58.78,60.3 1 0
advertisement-rest-api-http-service/internal/repository/mocks/AdRepository.go:60.8,61.24 1 0
advertisement-rest-api-http-service/internal/repository/mocks/AdRepository.go:61.24,63.4 1 0
advertisement-rest-api-http-service/internal/repository/mocks/AdRepository.go:66.2,66.74 1 0
advertisement-rest-api-http-service/internal/repository/mocks/AdRepository.go:66.74,68.3 1 0
advertisement-rest-api-http-service/internal/repository/mocks/AdRepository.go:68.8,70.3 1 0
advertisement-rest-api-http-service/internal/repository/mocks/AdRepository.go:72.2,72.15 1 0
advertisement-rest-api-http-service/internal/repository/mocks/AdRepository.go:76.111,79.19 2 0
advertisement-rest-api-http-service/internal/repository/mocks/AdRepository.go:79.19,80.48 1 0
advertisement-rest-api-http-service/internal/repository/mocks/AdRepository.go:83.2,85.96 3 0
advertisement-rest-api-http-service/internal/repository/mocks/AdRepository.go:85.96,87.3 1 0
advertisement-rest-api-http-service/internal/repository/mocks/AdRepository.go:88.2,88.87 1 0
advertisement-rest-api-http-service/internal/repository/mocks/AdRepository.go:88.87,90.3 1 0
advertisement-rest-api-http-service/internal/repository/mocks/AdRepository.go:90.8,91.24 1 0
advertisement-rest-api-http-service/internal/repository/mocks/AdRepository.go:91.24,93.4 1 0
advertisement-rest-api-http-service/internal/repository/mocks/AdRepository.go:96.2,96.81 1 0
advertisement-rest-api-http-service/internal/repository/mocks/AdRepository.go:96.81,98.3 1 0
advertisement-rest-api-http-service/internal/repository/mocks/AdRepository.go:98.8,100.3 1 0
advertisement-rest-api-http-service/internal/repository/mocks/AdRepository.go:102.2,102.15 1 0
advertisement-rest-api-http-service/internal/repository/mocks/AdRepository.go:110.18,114.19 3 0
advertisement-rest-api-http-service/internal/repository/mocks/AdRepository.go:114.19,114.49 1 0
advertisement-rest-api-http-service/internal/repository/mocks/AdRepository.go:116.2,116.13 1 0
advertisement-rest-api-http-service/internal/handler/api/v1/ad_handler.go:19.63,21.2 1 1
advertisement-rest-api-http-service/internal/handler/api/v1/ad_handler.go:34.43,37.50 2 0
advertisement-rest-api-http-service/internal/handler/api/v1/ad_handler.go:37.50,39.17 2 0
advertisement-rest-api-http-service/internal/handler/api/v1/ad_handler.go:39.17,42.4 2 0
advertisement-rest-api-http-service/internal/handler/api/v1/ad_handler.go:43.3,44.9 2 0
advertisement-rest-api-http-service/internal/handler/api/v1/ad_handler.go:47.2,48.16 2 0
advertisement-rest-api-http-service/internal/handler/api/v1/ad_handler.go:48.16,51.3 2 0
advertisement-rest-api-http-service/internal/handler/api/v1/ad_handler.go:53.2,53.27 1 0
advertisement-rest-api-http-service/internal/handler/api/v1/ad_handler.go:68.46,71.46 2 0
advertisement-rest-api-http-service/internal/handler/api/v1/ad_handler.go:71.46,74.3 2 0
advertisement-rest-api-http-service/internal/handler/api/v1/ad_handler.go:75.2,76.16 2 0
advertisement-rest-api-http-service/internal/handler/api/v1/ad_handler.go:76.16,77.13 1 0
advertisement-rest-api-http-service/internal/handler/api/v1/ad_handler.go:80.2,85.16 5 0
advertisement-rest-api-http-service/internal/handler/api/v1/ad_handler.go:85.16,88.3 2 0
advertisement-rest-api-http-service/internal/handler/api/v1/ad_handler.go:90.2,90.45 1 0
advertisement-rest-api-http-service/internal/handler/api/v1/ad_handler.go:106.44,111.48 5 1
advertisement-rest-api-http-service/internal/handler/api/v1/ad_handler.go:111.48,113.17 2 1
advertisement-rest-api-http-service/internal/handler/api/v1/ad_handler.go:113.17,116.4 2 1
advertisement-rest-api-http-service/internal/handler/api/v1/ad_handler.go:117.3,117.26 1 1
advertisement-rest-api-http-service/internal/handler/api/v1/ad_handler.go:117.26,120.4 2 1
advertisement-rest-api-http-service/internal/handler/api/v1/ad_handler.go:123.2,123.56 1 1
advertisement-rest-api-http-service/internal/handler/api/v1/ad_handler.go:123.56,124.75 1 1
advertisement-rest-api-http-service/internal/handler/api/v1/ad_handler.go:124.75,127.4 2 1
advertisement-rest-api-http-service/internal/handler/api/v1/ad_handler.go:128.3,128.22 1 1
advertisement-rest-api-http-service/internal/handler/api/v1/ad_handler.go:131.2,131.54 1 1
advertisement-rest-api-http-service/internal/handler/api/v1/ad_handler.go:131.54,132.108 1 1
advertisement-rest-api-http-service/internal/handler/api/v1/ad_handler.go:132.108,135.4 2 0
advertisement-rest-api-http-service/internal/handler/api/v1/ad_handler.go:136.3,136.20 1 1
advertisement-rest-api-http-service/internal/handler/api/v1/ad_handler.go:139.2,140.16 2 1
advertisement-rest-api-http-service/internal/handler/api/v1/ad_handler.go:140.16,143.3 2 0
advertisement-rest-api-http-service/internal/handler/api/v1/ad_handler.go:145.2,145.28 1 1
advertisement-rest-api-http-service/internal/handler/api/v1/ad_handler.go:149.34,150.14 1 1
advertisement-rest-api-http-service/internal/handler/api/v1/ad_handler.go:150.14,152.3 1 1
advertisement-rest-api-http-service/internal/handler/api/v1/ad_handler.go:154.2,154.13 1 1
advertisement-rest-api-http-service/internal/service/mocks/AdServicer.go:18.83,21.19 2 0
advertisement-rest-api-http-service/internal/service/mocks/AdServicer.go:21.19,22.50 1 0
advertisement-rest-api-http-service/internal/service/mocks/AdServicer.go:25.2,27.81 3 0
advertisement-rest-api-http-service/internal/service/mocks/AdServicer.go:27.81,29.3 1 0
advertisement-rest-api-http-service/internal/service/mocks/AdServicer.go:30.2,30.72 1 0
advertisement-rest-api-http-service/internal/service/mocks/AdServicer.go:30.72,32.3 1 0
advertisement-rest-api-http-service/internal/service/mocks/AdServicer.go:32.8,34.3 1 0
advertisement-rest-api-http-service/internal/service/mocks/AdServicer.go:36.2,36.71 1 0
advertisement-rest-api-http-service/internal/service/mocks/AdServicer.go:36.71,38.3 1 0
advertisement-rest-api-http-service/internal/service/mocks/AdServicer.go:38.8,40.3 1 0
advertisement-rest-api-http-service/internal/service/mocks/AdServicer.go:42.2,42.15 1 0
advertisement-rest-api-http-service/internal/service/mocks/AdServicer.go:46.109,49.19 2 0
advertisement-rest-api-http-service/internal/service/mocks/AdServicer.go:49.19,50.51 1 0
advertisement-rest-api-http-service/internal/service/mocks/AdServicer.go:53.2,55.87 3 0
advertisement-rest-api-http-service/internal/service/mocks/AdServicer.go:55.87,57.3 1 0
advertisement-rest-api-http-service/internal/service/mocks/AdServicer.go:58.2,58.78 1 0
advertisement-rest-api-http-service/internal/service/mocks/AdServicer.go:58.78,60.3 1 0
advertisement-rest-api-http-service/internal/service/mocks/AdServicer.go:60.8,61.24 1 0
advertisement-rest-api-http-service/internal/service/mocks/AdServicer.go:61.24,63.4 1 0
advertisement-rest-api-http-service/internal/service/mocks/AdServicer.go:66.2,66.74 1 0
advertisement-rest-api-http-service/internal/service/mocks/AdServicer.go:66.74,68.3 1 0
advertisement-rest-api-http-service/internal/service/mocks/AdServicer.go:68.8,70.3 1 0
advertisement-rest-api-http-service/internal/service/mocks/AdServicer.go:72.2,72.15 1 0
advertisement-rest-api-http-service/internal/service/mocks/AdServicer.go:76.109,79.19 2 1
advertisement-rest-api-http-service/internal/service/mocks/AdServicer.go:79.19,80.48 1 0
advertisement-rest-api-http-service/internal/service/mocks/AdServicer.go:83.2,85.96 3 1
advertisement-rest-api-http-service/internal/service/mocks/AdServicer.go:85.96,87.3 1 0
advertisement-rest-api-http-service/internal/service/mocks/AdServicer.go:88.2,88.87 1 1
advertisement-rest-api-http-service/internal/service/mocks/AdServicer.go:88.87,90.3 1 0
advertisement-rest-api-http-service/internal/service/mocks/AdServicer.go:90.8,91.24 1 1
advertisement-rest-api-http-service/internal/service/mocks/AdServicer.go:91.24,93.4 1 1
advertisement-rest-api-http-service/internal/service/mocks/AdServicer.go:96.2,96.81 1 1
advertisement-rest-api-http-service/internal/service/mocks/AdServicer.go:96.81,98.3 1 0
advertisement-rest-api-http-service/internal/service/mocks/AdServicer.go:98.8,100.3 1 1
advertisement-rest-api-http-service/internal/service/mocks/AdServicer.go:102.2,102.15 1 1
advertisement-rest-api-http-service/internal/service/mocks/AdServicer.go:110.16,114.19 3 0
advertisement-rest-api-http-service/internal/service/mocks/AdServicer.go:114.19,114.49 1 0
advertisement-rest-api-http-service/internal/service/mocks/AdServicer.go:116.2,116.13 1 0
advertisement-rest-api-http-service/internal/service/ad_service.go:20.60,22.2 1 0
advertisement-rest-api-http-service/internal/service/ad_service.go:24.107,27.2 1 0
advertisement-rest-api-http-service/internal/service/ad_service.go:29.107,31.2 1 0
advertisement-rest-api-http-service/internal/service/ad_service.go:33.81,36.2 1 0
advertisement-rest-api-http-service/pkg/firebase/firebase.go:20.83,23.2 1 0
advertisement-rest-api-http-service/pkg/firebase/firebase.go:25.81,27.16 2 0
advertisement-rest-api-http-service/pkg/firebase/firebase.go:27.16,29.3 1 0
advertisement-rest-api-http-service/pkg/firebase/firebase.go:31.2,31.53 1 0
advertisement-rest-api-http-service/pkg/firebase/firebase.go:34.96,37.16 3 0
advertisement-rest-api-http-service/pkg/firebase/firebase.go:37.16,39.3 1 0
advertisement-rest-api-http-service/pkg/firebase/firebase.go:41.2,41.27 1 0
advertisement-rest-api-http-service/pkg/firebase/firebase.go:44.67,46.2 1 0
advertisement-rest-api-http-service/internal/service/mocks/AdServicer.go:18.83,21.19 2 0
advertisement-rest-api-http-service/internal/service/mocks/AdServicer.go:21.19,22.50 1 0
advertisement-rest-api-http-service/internal/service/mocks/AdServicer.go:25.2,27.81 3 0
advertisement-rest-api-http-service/internal/service/mocks/AdServicer.go:27.81,29.3 1 0
advertisement-rest-api-http-service/internal/service/mocks/AdServicer.go:30.2,30.72 1 0
advertisement-rest-api-http-service/internal/service/mocks/AdServicer.go:30.72,32.3 1 0
advertisement-rest-api-http-service/internal/service/mocks/AdServicer.go:32.8,34.3 1 0
advertisement-rest-api-http-service/internal/service/mocks/AdServicer.go:36.2,36.71 1 0
advertisement-rest-api-http-service/internal/service/mocks/AdServicer.go:36.71,38.3 1 0
advertisement-rest-api-http-service/internal/service/mocks/AdServicer.go:38.8,40.3 1 0
advertisement-rest-api-http-service/internal/service/mocks/AdServicer.go:42.2,42.15 1 0
advertisement-rest-api-http-service/internal/service/mocks/AdServicer.go:46.109,49.19 2 0
advertisement-rest-api-http-service/internal/service/mocks/AdServicer.go:49.19,50.51 1 0
advertisement-rest-api-http-service/internal/service/mocks/AdServicer.go:53.2,55.87 3 0
advertisement-rest-api-http-service/internal/service/mocks/AdServicer.go:55.87,57.3 1 0
advertisement-rest-api-http-service/internal/service/mocks/AdServicer.go:58.2,58.78 1 0
advertisement-rest-api-http-service/internal/service/mocks/AdServicer.go:58.78,60.3 1 0
advertisement-rest-api-http-service/internal/service/mocks/AdServicer.go:60.8,61.24 1 0
advertisement-rest-api-http-service/internal/service/mocks/AdServicer.go:61.24,63.4 1 0
advertisement-rest-api-http-service/internal/service/mocks/AdServicer.go:66.2,66.74 1 0
advertisement-rest-api-http-service/internal/service/mocks/AdServicer.go:66.74,68.3 1 0
advertisement-rest-api-http-service/internal/service/mocks/AdServicer.go:68.8,70.3 1 0
advertisement-rest-api-http-service/internal/service/mocks/AdServicer.go:72.2,72.15 1 0
advertisement-rest-api-http-service/internal/service/mocks/AdServicer.go:76.109,79.19 2 0
advertisement-rest-api-http-service/internal/service/mocks/AdServicer.go:79.19,80.48 1 0
advertisement-rest-api-http-service/internal/service/mocks/AdServicer.go:83.2,85.96 3 0
advertisement-rest-api-http-service/internal/service/mocks/AdServicer.go:85.96,87.3 1 0
advertisement-rest-api-http-service/internal/service/mocks/AdServicer.go:88.2,88.87 1 0
advertisement-rest-api-http-service/internal/service/mocks/AdServicer.go:88.87,90.3 1 0
advertisement-rest-api-http-service/internal/service/mocks/AdServicer.go:90.8,91.24 1 0
advertisement-rest-api-http-service/internal/service/mocks/AdServicer.go:91.24,93.4 1 0
advertisement-rest-api-http-service/internal/service/mocks/AdServicer.go:96.2,96.81 1 0
advertisement-rest-api-http-service/internal/service/mocks/AdServicer.go:96.81,98.3 1 0
advertisement-rest-api-http-service/internal/service/mocks/AdServicer.go:98.8,100.3 1 0
advertisement-rest-api-http-service/internal/service/mocks/AdServicer.go:102.2,102.15 1 0
advertisement-rest-api-http-service/internal/service/mocks/AdServicer.go:110.16,114.19 3 0
advertisement-rest-api-http-service/internal/service/mocks/AdServicer.go:114.19,114.49 1 0
advertisement-rest-api-http-service/internal/service/mocks/AdServicer.go:116.2,116.13 1 0
advertisement-rest-api-http-service/pkg/logger/logger.go:10.16,22.2 3 0
advertisement-rest-api-http-service/pkg/logger/logger.go:24.45,25.15 1 0
advertisement-rest-api-http-service/pkg/logger/logger.go:26.15,27.24 1 0
advertisement-rest-api-http-service/pkg/logger/logger.go:28.15,29.24 1 0
advertisement-rest-api-http-service/pkg/logger/logger.go:30.10,31.23 1 0
