mode: atomic
advertisement-rest-api-http-service/cmd/main.go:19.13,20.40 1 0
advertisement-rest-api-http-service/cmd/main.go:20.40,22.3 1 0
advertisement-rest-api-http-service/cmd/main.go:39.13,46.16 3 0
advertisement-rest-api-http-service/cmd/main.go:46.16,48.3 1 0
advertisement-rest-api-http-service/cmd/main.go:49.2,56.16 4 0
advertisement-rest-api-http-service/cmd/main.go:56.16,58.3 1 0
advertisement-rest-api-http-service/cmd/main.go:59.2,71.38 6 0
advertisement-rest-api-http-service/cmd/docs/docs.go:199.13,201.2 1 0
advertisement-rest-api-http-service/internal/handler/mocks/Handler.go:17.45,19.2 1 0
advertisement-rest-api-http-service/internal/handler/mocks/Handler.go:22.42,24.2 1 0
advertisement-rest-api-http-service/internal/handler/mocks/Handler.go:27.43,29.2 1 0
advertisement-rest-api-http-service/internal/handler/mocks/Handler.go:36.13,40.19 3 0
advertisement-rest-api-http-service/internal/handler/mocks/Handler.go:40.19,40.49 1 0
advertisement-rest-api-http-service/internal/handler/mocks/Handler.go:42.2,42.13 1 0
advertisement-rest-api-http-service/internal/repository/firebase/ad_repository.go:18.66,21.2 1 0
advertisement-rest-api-http-service/internal/repository/firebase/ad_repository.go:23.110,27.16 3 0
advertisement-rest-api-http-service/internal/repository/firebase/ad_repository.go:27.16,29.3 1 0
advertisement-rest-api-http-service/internal/repository/firebase/ad_repository.go:31.2,32.20 2 0
advertisement-rest-api-http-service/internal/repository/firebase/ad_repository.go:32.20,34.3 1 0
advertisement-rest-api-http-service/internal/repository/firebase/ad_repository.go:36.2,43.6 4 0
advertisement-rest-api-http-service/internal/repository/firebase/ad_repository.go:43.6,46.27 3 0
advertisement-rest-api-http-service/internal/repository/firebase/ad_repository.go:46.27,47.9 1 0
advertisement-rest-api-http-service/internal/repository/firebase/ad_repository.go:49.3,49.17 1 0
advertisement-rest-api-http-service/internal/repository/firebase/ad_repository.go:49.17,51.4 1 0
advertisement-rest-api-http-service/internal/repository/firebase/ad_repository.go:53.3,54.41 2 0
advertisement-rest-api-http-service/internal/repository/firebase/ad_repository.go:54.41,56.4 1 0
advertisement-rest-api-http-service/internal/repository/firebase/ad_repository.go:58.3,58.25 1 0
advertisement-rest-api-http-service/internal/repository/firebase/ad_repository.go:60.2,62.17 2 0
advertisement-rest-api-http-service/internal/repository/firebase/ad_repository.go:65.98,68.16 2 0
advertisement-rest-api-http-service/internal/repository/firebase/ad_repository.go:68.16,70.3 1 0
advertisement-rest-api-http-service/internal/repository/firebase/ad_repository.go:72.2,75.16 3 0
advertisement-rest-api-http-service/internal/repository/firebase/ad_repository.go:75.16,77.3 1 0
advertisement-rest-api-http-service/internal/repository/firebase/ad_repository.go:79.2,79.13 1 0
advertisement-rest-api-http-service/internal/repository/firebase/ad_repository.go:79.13,81.3 1 0
advertisement-rest-api-http-service/internal/repository/firebase/ad_repository.go:83.2,83.17 1 0
advertisement-rest-api-http-service/internal/repository/firebase/ad_repository.go:86.84,89.16 2 0
advertisement-rest-api-http-service/internal/repository/firebase/ad_repository.go:89.16,91.3 1 0
advertisement-rest-api-http-service/internal/repository/firebase/ad_repository.go:93.2,93.20 1 0
advertisement-rest-api-http-service/internal/router/router.go:29.32,36.2 1 0
advertisement-rest-api-http-service/internal/router/router.go:38.38,44.12 4 0
advertisement-rest-api-http-service/internal/router/router.go:44.12,45.82 1 0
advertisement-rest-api-http-service/internal/router/router.go:45.82,47.4 1 0
advertisement-rest-api-http-service/internal/router/router.go:50.2,57.47 5 0
advertisement-rest-api-http-service/internal/router/router.go:57.47,59.3 1 0
advertisement-rest-api-http-service/internal/router/router.go:61.2,61.42 1 0
advertisement-rest-api-http-service/internal/router/router.go:64.32,66.2 1 0
advertisement-rest-api-http-service/internal/router/router.go:68.61,73.2 4 0
advertisement-rest-api-http-service/internal/router/router.go:73.2,77.3 3 0
advertisement-rest-api-http-service/internal/router/router.go:78.2,78.77 1 0
advertisement-rest-api-http-service/internal/repository/mocks/AdRepository.go:18.85,21.19 2 0
advertisement-rest-api-http-service/internal/repository/mocks/AdRepository.go:21.19,22.50 1 0
advertisement-rest-api-http-service/internal/repository/mocks/AdRepository.go:25.2,27.81 3 0
advertisement-rest-api-http-service/internal/repository/mocks/AdRepository.go:27.81,29.3 1 0
advertisement-rest-api-http-service/internal/repository/mocks/AdRepository.go:30.2,30.72 1 0
advertisement-rest-api-http-service/internal/repository/mocks/AdRepository.go:30.72,32.3 1 0
advertisement-rest-api-http-service/internal/repository/mocks/AdRepository.go:32.8,34.3 1 0
advertisement-rest-api-http-service/internal/repository/mocks/AdRepository.go:36.2,36.71 1 0
advertisement-rest-api-http-service/internal/repository/mocks/AdRepository.go:36.71,38.3 1 0
advertisement-rest-api-http-service/internal/repository/mocks/AdRepository.go:38.8,40.3 1 0
advertisement-rest-api-http-service/internal/repository/mocks/AdRepository.go:42.2,42.15 1 0
advertisement-rest-api-http-service/internal/repository/mocks/AdRepository.go:46.99,49.19 2 0
advertisement-rest-api-http-service/internal/repository/mocks/AdRepository.go:49.19,50.51 1 0
advertisement-rest-api-http-service/internal/repository/mocks/AdRepository.go:53.2,55.87 3 0
advertisement-rest-api-http-service/internal/repository/mocks/AdRepository.go:55.87,57.3 1 0
advertisement-rest-api-http-service/internal/repository/mocks/AdRepository.go:58.2,58.78 1 0
advertisement-rest-api-http-service/internal/repository/mocks/AdRepository.go:58.78,60.3 1 0
advertisement-rest-api-http-service/internal/repository/mocks/AdRepository.go:60.8,61.24 1 0
advertisement-rest-api-http-service/internal/repository/mocks/AdRepository.go:61.24,63.4 1 0
advertisement-rest-api-http-service/internal/repository/mocks/AdRepository.go:66.2,66.74 1 0
advertisement-rest-api-http-service/internal/repository/mocks/AdRepository.go:66.74,68.3 1 0
advertisement-rest-api-http-service/internal/repository/mocks/AdRepository.go:68.8,70.3 1 0
advertisement-rest-api-http-service/internal/repository/mocks/AdRepository.go:72.2,72.15 1 0
advertisement-rest-api-http-service/internal/repository/mocks/AdRepository.go:76.111,79.19 2 0
advertisement-rest-api-http-service/internal/repository/mocks/AdRepository.go:79.19,80.48 1 0
advertisement-rest-api-http-service/internal/repository/mocks/AdRepository.go:83.2,85.96 3 0
advertisement-rest-api-http-service/internal/repository/mocks/AdRepository.go:85.96,87.3 1 0
advertisement-rest-api-http-service/internal/repository/mocks/AdRepository.go:88.2,88.87 1 0
advertisement-rest-api-http-service/internal/repository/mocks/AdRepository.go:88.87,90.3 1 0
advertisement-rest-api-http-service/internal/repository/mocks/AdRepository.go:90.8,91.24 1 0
advertisement-rest-api-http-service/internal/repository/mocks/AdRepository.go:91.24,93.4 1 0
advertisement-rest-api-http-service/internal/repository/mocks/AdRepository.go:96.2,96.81 1 0
advertisement-rest-api-http-service/internal/repository/mocks/AdRepository.go:96.81,98.3 1 0
advertisement-rest-api-http-service/internal/repository/mocks/AdRepository.go:98.8,100.3 1 0
advertisement-rest-api-http-service/internal/repository/mocks/AdRepository.go:102.2,102.15 1 0
advertisement-rest-api-http-service/internal/repository/mocks/AdRepository.go:110.18,114.19 3 0
advertisement-rest-api-http-service/internal/repository/mocks/AdRepository.go:114.19,114.49 1 0
advertisement-rest-api-http-service/internal/repository/mocks/AdRepository.go:116.2,116.13 1 0
advertisement-rest-api-http-service/internal/repository/postgres/ad_repository.go:20.78,22.2 1 0
advertisement-rest-api-http-service/internal/repository/postgres/ad_repository.go:24.118,29.20 4 0
advertisement-rest-api-http-service/internal/repository/postgres/ad_repository.go:29.20,31.3 1 0
advertisement-rest-api-http-service/internal/repository/postgres/ad_repository.go:31.8,31.28 1 0
advertisement-rest-api-http-service/internal/repository/postgres/ad_repository.go:31.28,33.3 1 0
advertisement-rest-api-http-service/internal/repository/postgres/ad_repository.go:35.2,36.16 2 0
advertisement-rest-api-http-service/internal/repository/postgres/ad_repository.go:36.16,38.3 1 0
advertisement-rest-api-http-service/internal/repository/postgres/ad_repository.go:39.2,41.18 2 0
advertisement-rest-api-http-service/internal/repository/postgres/ad_repository.go:41.18,44.17 3 0
advertisement-rest-api-http-service/internal/repository/postgres/ad_repository.go:44.17,46.4 1 0
advertisement-rest-api-http-service/internal/repository/postgres/ad_repository.go:47.3,47.25 1 0
advertisement-rest-api-http-service/internal/repository/postgres/ad_repository.go:50.2,50.35 1 0
advertisement-rest-api-http-service/internal/repository/postgres/ad_repository.go:50.35,52.3 1 0
advertisement-rest-api-http-service/internal/repository/postgres/ad_repository.go:54.2,54.17 1 0
advertisement-rest-api-http-service/internal/repository/postgres/ad_repository.go:57.109,60.13 2 0
advertisement-rest-api-http-service/internal/repository/postgres/ad_repository.go:60.13,62.17 2 0
advertisement-rest-api-http-service/internal/repository/postgres/ad_repository.go:62.17,64.4 1 0
advertisement-rest-api-http-service/internal/repository/postgres/ad_repository.go:65.8,68.17 3 0
advertisement-rest-api-http-service/internal/repository/postgres/ad_repository.go:68.17,70.4 1 0
advertisement-rest-api-http-service/internal/repository/postgres/ad_repository.go:71.3,71.38 1 0
advertisement-rest-api-http-service/internal/repository/postgres/ad_repository.go:74.2,74.17 1 0
advertisement-rest-api-http-service/internal/repository/postgres/ad_repository.go:77.92,81.16 3 0
advertisement-rest-api-http-service/internal/repository/postgres/ad_repository.go:81.16,83.3 1 0
advertisement-rest-api-http-service/internal/repository/postgres/ad_repository.go:85.2,85.19 1 0
advertisement-rest-api-http-service/internal/repository/postgres/ad_repository.go:89.31,98.2 4 0
advertisement-rest-api-http-service/pkg/firebase/firebase.go:20.83,23.2 1 0
advertisement-rest-api-http-service/pkg/firebase/firebase.go:25.81,27.16 2 0
advertisement-rest-api-http-service/pkg/firebase/firebase.go:27.16,29.3 1 0
advertisement-rest-api-http-service/pkg/firebase/firebase.go:31.2,31.53 1 0
advertisement-rest-api-http-service/pkg/firebase/firebase.go:34.96,37.16 3 0
advertisement-rest-api-http-service/pkg/firebase/firebase.go:37.16,39.3 1 0
advertisement-rest-api-http-service/pkg/firebase/firebase.go:41.2,41.27 1 0
advertisement-rest-api-http-service/pkg/firebase/firebase.go:44.67,46.2 1 0
advertisement-rest-api-http-service/internal/service/mocks/AdServicer.go:18.83,21.19 2 0
advertisement-rest-api-http-service/internal/service/mocks/AdServicer.go:21.19,22.50 1 0
advertisement-rest-api-http-service/internal/service/mocks/AdServicer.go:25.2,27.81 3 0
advertisement-rest-api-http-service/internal/service/mocks/AdServicer.go:27.81,29.3 1 0
advertisement-rest-api-http-service/internal/service/mocks/AdServicer.go:30.2,30.72 1 0
advertisement-rest-api-http-service/internal/service/mocks/AdServicer.go:30.72,32.3 1 0
advertisement-rest-api-http-service/internal/service/mocks/AdServicer.go:32.8,34.3 1 0
advertisement-rest-api-http-service/internal/service/mocks/AdServicer.go:36.2,36.71 1 0
advertisement-rest-api-http-service/internal/service/mocks/AdServicer.go:36.71,38.3 1 0
advertisement-rest-api-http-service/internal/service/mocks/AdServicer.go:38.8,40.3 1 0
advertisement-rest-api-http-service/internal/service/mocks/AdServicer.go:42.2,42.15 1 0
advertisement-rest-api-http-service/internal/service/mocks/AdServicer.go:46.109,49.19 2 0
advertisement-rest-api-http-service/internal/service/mocks/AdServicer.go:49.19,50.51 1 0
advertisement-rest-api-http-service/internal/service/mocks/AdServicer.go:53.2,55.87 3 0
advertisement-rest-api-http-service/internal/service/mocks/AdServicer.go:55.87,57.3 1 0
advertisement-rest-api-http-service/internal/service/mocks/AdServicer.go:58.2,58.78 1 0
advertisement-rest-api-http-service/internal/service/mocks/AdServicer.go:58.78,60.3 1 0
advertisement-rest-api-http-service/internal/service/mocks/AdServicer.go:60.8,61.24 1 0
advertisement-rest-api-http-service/internal/service/mocks/AdServicer.go:61.24,63.4 1 0
advertisement-rest-api-http-service/internal/service/mocks/AdServicer.go:66.2,66.74 1 0
advertisement-rest-api-http-service/internal/service/mocks/AdServicer.go:66.74,68.3 1 0
advertisement-rest-api-http-service/internal/service/mocks/AdServicer.go:68.8,70.3 1 0
advertisement-rest-api-http-service/internal/service/mocks/AdServicer.go:72.2,72.15 1 0
advertisement-rest-api-http-service/internal/service/mocks/AdServicer.go:76.109,79.19 2 0
advertisement-rest-api-http-service/internal/service/mocks/AdServicer.go:79.19,80.48 1 0
advertisement-rest-api-http-service/internal/service/mocks/AdServicer.go:83.2,85.96 3 0
advertisement-rest-api-http-service/internal/service/mocks/AdServicer.go:85.96,87.3 1 0
advertisement-rest-api-http-service/internal/service/mocks/AdServicer.go:88.2,88.87 1 0
advertisement-rest-api-http-service/internal/service/mocks/AdServicer.go:88.87,90.3 1 0
advertisement-rest-api-http-service/internal/service/mocks/AdServicer.go:90.8,91.24 1 0
advertisement-rest-api-http-service/internal/service/mocks/AdServicer.go:91.24,93.4 1 0
advertisement-rest-api-http-service/internal/service/mocks/AdServicer.go:96.2,96.81 1 0
advertisement-rest-api-http-service/internal/service/mocks/AdServicer.go:96.81,98.3 1 0
advertisement-rest-api-http-service/internal/service/mocks/AdServicer.go:98.8,100.3 1 0
advertisement-rest-api-http-service/internal/service/mocks/AdServicer.go:102.2,102.15 1 0
advertisement-rest-api-http-service/internal/service/mocks/AdServicer.go:110.16,114.19 3 0
advertisement-rest-api-http-service/internal/service/mocks/AdServicer.go:114.19,114.49 1 0
advertisement-rest-api-http-service/internal/service/mocks/AdServicer.go:116.2,116.13 1 0
advertisement-rest-api-http-service/pkg/postgres/postgres.go:21.66,23.2 1 0
advertisement-rest-api-http-service/pkg/postgres/postgres.go:25.106,27.2 1 0
advertisement-rest-api-http-service/pkg/postgres/postgres.go:29.113,31.2 1 0
advertisement-rest-api-http-service/pkg/postgres/postgres.go:33.85,35.16 2 0
advertisement-rest-api-http-service/pkg/postgres/postgres.go:35.16,37.3 1 0
advertisement-rest-api-http-service/pkg/postgres/postgres.go:39.2,39.46 1 0
advertisement-rest-api-http-service/pkg/postgres/postgres.go:42.84,44.16 2 0
advertisement-rest-api-http-service/pkg/postgres/postgres.go:44.16,46.3 1 0
advertisement-rest-api-http-service/pkg/postgres/postgres.go:48.2,48.18 1 0
advertisement-rest-api-http-service/pkg/postgres/postgres.go:51.121,53.2 1 0
advertisement-rest-api-http-service/pkg/logger/logger.go:12.16,24.2 3 0
advertisement-rest-api-http-service/pkg/logger/logger.go:26.45,27.15 1 0
advertisement-rest-api-http-service/pkg/logger/logger.go:28.15,29.24 1 0
advertisement-rest-api-http-service/pkg/logger/logger.go:30.15,31.24 1 0
advertisement-rest-api-http-service/pkg/logger/logger.go:32.10,33.23 1 0
advertisement-rest-api-http-service/internal/handler/api/v1/ad_handler.go:19.63,21.2 1 8
advertisement-rest-api-http-service/internal/handler/api/v1/ad_handler.go:34.43,37.50 2 0
advertisement-rest-api-http-service/internal/handler/api/v1/ad_handler.go:37.50,39.17 2 0
advertisement-rest-api-http-service/internal/handler/api/v1/ad_handler.go:39.17,42.4 2 0
advertisement-rest-api-http-service/internal/handler/api/v1/ad_handler.go:43.3,44.9 2 0
advertisement-rest-api-http-service/internal/handler/api/v1/ad_handler.go:47.2,48.16 2 0
advertisement-rest-api-http-service/internal/handler/api/v1/ad_handler.go:48.16,51.3 2 0
advertisement-rest-api-http-service/internal/handler/api/v1/ad_handler.go:53.2,53.27 1 0
advertisement-rest-api-http-service/internal/handler/api/v1/ad_handler.go:68.46,71.46 2 0
advertisement-rest-api-http-service/internal/handler/api/v1/ad_handler.go:71.46,74.3 2 0
advertisement-rest-api-http-service/internal/handler/api/v1/ad_handler.go:75.2,76.16 2 0
advertisement-rest-api-http-service/internal/handler/api/v1/ad_handler.go:76.16,77.13 1 0
advertisement-rest-api-http-service/internal/handler/api/v1/ad_handler.go:80.2,85.16 5 0
advertisement-rest-api-http-service/internal/handler/api/v1/ad_handler.go:85.16,88.3 2 0
advertisement-rest-api-http-service/internal/handler/api/v1/ad_handler.go:90.2,90.45 1 0
advertisement-rest-api-http-service/internal/handler/api/v1/ad_handler.go:107.44,112.48 5 8
advertisement-rest-api-http-service/internal/handler/api/v1/ad_handler.go:112.48,114.17 2 4
advertisement-rest-api-http-service/internal/handler/api/v1/ad_handler.go:114.17,117.4 2 1
advertisement-rest-api-http-service/internal/handler/api/v1/ad_handler.go:118.3,118.26 1 3
advertisement-rest-api-http-service/internal/handler/api/v1/ad_handler.go:118.26,121.4 2 1
advertisement-rest-api-http-service/internal/handler/api/v1/ad_handler.go:124.2,124.56 1 6
advertisement-rest-api-http-service/internal/handler/api/v1/ad_handler.go:124.56,125.75 1 4
advertisement-rest-api-http-service/internal/handler/api/v1/ad_handler.go:125.75,128.4 2 1
advertisement-rest-api-http-service/internal/handler/api/v1/ad_handler.go:129.3,129.22 1 3
advertisement-rest-api-http-service/internal/handler/api/v1/ad_handler.go:132.2,132.54 1 5
advertisement-rest-api-http-service/internal/handler/api/v1/ad_handler.go:132.54,133.110 1 1
advertisement-rest-api-http-service/internal/handler/api/v1/ad_handler.go:133.110,136.4 2 0
advertisement-rest-api-http-service/internal/handler/api/v1/ad_handler.go:137.3,137.20 1 1
advertisement-rest-api-http-service/internal/handler/api/v1/ad_handler.go:140.2,141.16 2 5
advertisement-rest-api-http-service/internal/handler/api/v1/ad_handler.go:141.16,144.3 2 0
advertisement-rest-api-http-service/internal/handler/api/v1/ad_handler.go:146.2,146.28 1 5
advertisement-rest-api-http-service/internal/handler/api/v1/ad_handler.go:150.34,152.2 1 3
advertisement-rest-api-http-service/internal/service/mocks/AdServicer.go:18.83,21.19 2 0
advertisement-rest-api-http-service/internal/service/mocks/AdServicer.go:21.19,22.50 1 0
advertisement-rest-api-http-service/internal/service/mocks/AdServicer.go:25.2,27.81 3 0
advertisement-rest-api-http-service/internal/service/mocks/AdServicer.go:27.81,29.3 1 0
advertisement-rest-api-http-service/internal/service/mocks/AdServicer.go:30.2,30.72 1 0
advertisement-rest-api-http-service/internal/service/mocks/AdServicer.go:30.72,32.3 1 0
advertisement-rest-api-http-service/internal/service/mocks/AdServicer.go:32.8,34.3 1 0
advertisement-rest-api-http-service/internal/service/mocks/AdServicer.go:36.2,36.71 1 0
advertisement-rest-api-http-service/internal/service/mocks/AdServicer.go:36.71,38.3 1 0
advertisement-rest-api-http-service/internal/service/mocks/AdServicer.go:38.8,40.3 1 0
advertisement-rest-api-http-service/internal/service/mocks/AdServicer.go:42.2,42.15 1 0
advertisement-rest-api-http-service/internal/service/mocks/AdServicer.go:46.109,49.19 2 0
advertisement-rest-api-http-service/internal/service/mocks/AdServicer.go:49.19,50.51 1 0
advertisement-rest-api-http-service/internal/service/mocks/AdServicer.go:53.2,55.87 3 0
advertisement-rest-api-http-service/internal/service/mocks/AdServicer.go:55.87,57.3 1 0
advertisement-rest-api-http-service/internal/service/mocks/AdServicer.go:58.2,58.78 1 0
advertisement-rest-api-http-service/internal/service/mocks/AdServicer.go:58.78,60.3 1 0
advertisement-rest-api-http-service/internal/service/mocks/AdServicer.go:60.8,61.24 1 0
advertisement-rest-api-http-service/internal/service/mocks/AdServicer.go:61.24,63.4 1 0
advertisement-rest-api-http-service/internal/service/mocks/AdServicer.go:66.2,66.74 1 0
advertisement-rest-api-http-service/internal/service/mocks/AdServicer.go:66.74,68.3 1 0
advertisement-rest-api-http-service/internal/service/mocks/AdServicer.go:68.8,70.3 1 0
advertisement-rest-api-http-service/internal/service/mocks/AdServicer.go:72.2,72.15 1 0
advertisement-rest-api-http-service/internal/service/mocks/AdServicer.go:76.109,79.19 2 5
advertisement-rest-api-http-service/internal/service/mocks/AdServicer.go:79.19,80.48 1 0
advertisement-rest-api-http-service/internal/service/mocks/AdServicer.go:83.2,85.96 3 5
advertisement-rest-api-http-service/internal/service/mocks/AdServicer.go:85.96,87.3 1 0
advertisement-rest-api-http-service/internal/service/mocks/AdServicer.go:88.2,88.87 1 5
advertisement-rest-api-http-service/internal/service/mocks/AdServicer.go:88.87,90.3 1 0
advertisement-rest-api-http-service/internal/service/mocks/AdServicer.go:90.8,91.24 1 5
advertisement-rest-api-http-service/internal/service/mocks/AdServicer.go:91.24,93.4 1 5
advertisement-rest-api-http-service/internal/service/mocks/AdServicer.go:96.2,96.81 1 5
advertisement-rest-api-http-service/internal/service/mocks/AdServicer.go:96.81,98.3 1 0
advertisement-rest-api-http-service/internal/service/mocks/AdServicer.go:98.8,100.3 1 5
advertisement-rest-api-http-service/internal/service/mocks/AdServicer.go:102.2,102.15 1 5
advertisement-rest-api-http-service/internal/service/mocks/AdServicer.go:110.16,114.19 3 0
advertisement-rest-api-http-service/internal/service/mocks/AdServicer.go:114.19,114.49 1 0
advertisement-rest-api-http-service/internal/service/mocks/AdServicer.go:116.2,116.13 1 0
advertisement-rest-api-http-service/internal/service/ad_service.go:20.60,22.2 1 0
advertisement-rest-api-http-service/internal/service/ad_service.go:24.107,27.2 1 0
advertisement-rest-api-http-service/internal/service/ad_service.go:29.107,31.2 1 0
advertisement-rest-api-http-service/internal/service/ad_service.go:33.81,36.2 1 0
